<?xml version="1.0" encoding="UTF-8"?>
<testsuite name="com.kodilla.game.StartGameTestSuite" tests="1" skipped="0" failures="0" errors="0" timestamp="2022-05-14T12:23:00" hostname="DESKTOP-GEDT7EE" time="0.034">
  <properties/>
  <testcase name="Testing FXML location" classname="com.kodilla.game.StartGameTestSuite" time="0.034"/>
  <system-out><![CDATA[]]></system-out>
  <system-err><![CDATA[]]></system-err>
</testsuite>
